{"C:\\Users\\educa\\Desktop\\MY_BLAND_BACKEND\\controller\\admin_blog_controller.ts": {"path":"C:\\Users\\educa\\Desktop\\MY_BLAND_BACKEND\\controller\\admin_blog_controller.ts","statementMap":{"0":{"start":{"line":3,"column":1},"end":{"line":3,"column":45}},"1":{"start":{"line":5,"column":1},"end":{"line":5,"column":123}},"2":{"start":{"line":9,"column":20},"end":{"line":19,"column":2}},"3":{"start":{"line":11,"column":4},"end":{"line":18,"column":5}},"4":{"start":{"line":13,"column":19},"end":{"line":13,"column":44}},"5":{"start":{"line":14,"column":8},"end":{"line":14,"column":null}},"6":{"start":{"line":17,"column":8},"end":{"line":17,"column":null}},"7":{"start":{"line":93,"column":8},"end":{"line":93,"column":19}},"8":{"start":{"line":23,"column":20},"end":{"line":40,"column":2}},"9":{"start":{"line":25,"column":5},"end":{"line":39,"column":6}},"10":{"start":{"line":27,"column":23},"end":{"line":27,"column":60}},"11":{"start":{"line":28,"column":8},"end":{"line":31,"column":9}},"12":{"start":{"line":30,"column":11},"end":{"line":30,"column":null}},"13":{"start":{"line":33,"column":25},"end":{"line":33,"column":33}},"14":{"start":{"line":34,"column":20},"end":{"line":34,"column":54}},"15":{"start":{"line":35,"column":9},"end":{"line":35,"column":null}},"16":{"start":{"line":38,"column":9},"end":{"line":38,"column":null}},"17":{"start":{"line":93,"column":21},"end":{"line":93,"column":32}},"18":{"start":{"line":44,"column":24},"end":{"line":55,"column":1}},"19":{"start":{"line":46,"column":4},"end":{"line":54,"column":5}},"20":{"start":{"line":48,"column":28},"end":{"line":48,"column":38}},"21":{"start":{"line":49,"column":19},"end":{"line":49,"column":58}},"22":{"start":{"line":50,"column":8},"end":{"line":50,"column":null}},"23":{"start":{"line":53,"column":8},"end":{"line":53,"column":null}},"24":{"start":{"line":93,"column":33},"end":{"line":93,"column":48}},"25":{"start":{"line":59,"column":19},"end":{"line":76,"column":1}},"26":{"start":{"line":61,"column":4},"end":{"line":75,"column":5}},"27":{"start":{"line":63,"column":23},"end":{"line":63,"column":60}},"28":{"start":{"line":64,"column":8},"end":{"line":67,"column":9}},"29":{"start":{"line":66,"column":11},"end":{"line":66,"column":null}},"30":{"start":{"line":69,"column":28},"end":{"line":69,"column":38}},"31":{"start":{"line":70,"column":19},"end":{"line":70,"column":87}},"32":{"start":{"line":71,"column":8},"end":{"line":71,"column":null}},"33":{"start":{"line":74,"column":8},"end":{"line":74,"column":null}},"34":{"start":{"line":93,"column":50},"end":{"line":93,"column":61}},"35":{"start":{"line":80,"column":19},"end":{"line":91,"column":1}},"36":{"start":{"line":82,"column":4},"end":{"line":90,"column":5}},"37":{"start":{"line":84,"column":28},"end":{"line":84,"column":38}},"38":{"start":{"line":85,"column":19},"end":{"line":85,"column":67}},"39":{"start":{"line":86,"column":8},"end":{"line":86,"column":null}},"40":{"start":{"line":89,"column":8},"end":{"line":89,"column":null}},"41":{"start":{"line":93,"column":62},"end":{"line":93,"column":73}}},"fnMap":{"0":{"name":"(anonymous_1)","decl":{"start":{"line":9,"column":20},"end":{"line":9,"column":25}},"loc":{"start":{"line":9,"column":62},"end":{"line":19,"column":2}}},"1":{"name":"(anonymous_2)","decl":{"start":{"line":23,"column":20},"end":{"line":23,"column":25}},"loc":{"start":{"line":23,"column":60},"end":{"line":40,"column":2}}},"2":{"name":"(anonymous_3)","decl":{"start":{"line":44,"column":24},"end":{"line":44,"column":29}},"loc":{"start":{"line":44,"column":64},"end":{"line":55,"column":1}}},"3":{"name":"(anonymous_4)","decl":{"start":{"line":59,"column":19},"end":{"line":59,"column":24}},"loc":{"start":{"line":59,"column":59},"end":{"line":76,"column":1}}},"4":{"name":"(anonymous_5)","decl":{"start":{"line":80,"column":19},"end":{"line":80,"column":24}},"loc":{"start":{"line":80,"column":59},"end":{"line":91,"column":1}}}},"branchMap":{"0":{"loc":{"start":{"line":28,"column":8},"end":{"line":31,"column":9}},"type":"if","locations":[{"start":{"line":28,"column":8},"end":{"line":31,"column":9}}]},"1":{"loc":{"start":{"line":64,"column":8},"end":{"line":67,"column":9}},"type":"if","locations":[{"start":{"line":64,"column":8},"end":{"line":67,"column":9}}]}},"s":{"0":2,"1":2,"2":2,"3":0,"4":0,"5":0,"6":0,"7":2,"8":2,"9":0,"10":0,"11":0,"12":0,"13":0,"14":0,"15":0,"16":0,"17":2,"18":2,"19":0,"20":0,"21":0,"22":0,"23":0,"24":2,"25":2,"26":0,"27":0,"28":0,"29":0,"30":0,"31":0,"32":0,"33":0,"34":2,"35":2,"36":0,"37":0,"38":0,"39":0,"40":0,"41":2},"f":{"0":0,"1":0,"2":0,"3":0,"4":0},"b":{"0":[0],"1":[0]}}
,"C:\\Users\\educa\\Desktop\\MY_BLAND_BACKEND\\controller\\admin_contact_controller.ts": {"path":"C:\\Users\\educa\\Desktop\\MY_BLAND_BACKEND\\controller\\admin_contact_controller.ts","statementMap":{"0":{"start":{"line":3,"column":0},"end":{"line":3,"column":50}},"1":{"start":{"line":5,"column":0},"end":{"line":5,"column":95}},"2":{"start":{"line":9,"column":22},"end":{"line":19,"column":1}},"3":{"start":{"line":11,"column":3},"end":{"line":18,"column":4}},"4":{"start":{"line":12,"column":23},"end":{"line":12,"column":51}},"5":{"start":{"line":13,"column":8},"end":{"line":13,"column":null}},"6":{"start":{"line":17,"column":4},"end":{"line":17,"column":null}},"7":{"start":{"line":71,"column":8},"end":{"line":71,"column":22}},"8":{"start":{"line":23,"column":22},"end":{"line":39,"column":1}},"9":{"start":{"line":25,"column":3},"end":{"line":38,"column":4}},"10":{"start":{"line":26,"column":24},"end":{"line":26,"column":62}},"11":{"start":{"line":27,"column":9},"end":{"line":30,"column":10}},"12":{"start":{"line":29,"column":12},"end":{"line":29,"column":null}},"13":{"start":{"line":32,"column":23},"end":{"line":32,"column":59}},"14":{"start":{"line":33,"column":8},"end":{"line":33,"column":null}},"15":{"start":{"line":37,"column":4},"end":{"line":37,"column":null}},"16":{"start":{"line":71,"column":23},"end":{"line":71,"column":37}},"17":{"start":{"line":43,"column":26},"end":{"line":54,"column":1}},"18":{"start":{"line":45,"column":3},"end":{"line":53,"column":4}},"19":{"start":{"line":46,"column":31},"end":{"line":46,"column":41}},"20":{"start":{"line":47,"column":23},"end":{"line":47,"column":68}},"21":{"start":{"line":48,"column":8},"end":{"line":48,"column":null}},"22":{"start":{"line":52,"column":4},"end":{"line":52,"column":null}},"23":{"start":{"line":71,"column":39},"end":{"line":71,"column":57}},"24":{"start":{"line":58,"column":22},"end":{"line":69,"column":1}},"25":{"start":{"line":60,"column":3},"end":{"line":68,"column":4}},"26":{"start":{"line":61,"column":31},"end":{"line":61,"column":41}},"27":{"start":{"line":62,"column":23},"end":{"line":62,"column":77}},"28":{"start":{"line":63,"column":8},"end":{"line":63,"column":null}},"29":{"start":{"line":67,"column":4},"end":{"line":67,"column":null}},"30":{"start":{"line":71,"column":59},"end":{"line":71,"column":73}}},"fnMap":{"0":{"name":"(anonymous_1)","decl":{"start":{"line":9,"column":22},"end":{"line":9,"column":27}},"loc":{"start":{"line":9,"column":62},"end":{"line":19,"column":1}}},"1":{"name":"(anonymous_2)","decl":{"start":{"line":23,"column":22},"end":{"line":23,"column":27}},"loc":{"start":{"line":23,"column":62},"end":{"line":39,"column":1}}},"2":{"name":"(anonymous_3)","decl":{"start":{"line":43,"column":26},"end":{"line":43,"column":31}},"loc":{"start":{"line":43,"column":66},"end":{"line":54,"column":1}}},"3":{"name":"(anonymous_4)","decl":{"start":{"line":58,"column":22},"end":{"line":58,"column":27}},"loc":{"start":{"line":58,"column":62},"end":{"line":69,"column":1}}}},"branchMap":{"0":{"loc":{"start":{"line":27,"column":9},"end":{"line":30,"column":10}},"type":"if","locations":[{"start":{"line":27,"column":9},"end":{"line":30,"column":10}}]}},"s":{"0":2,"1":2,"2":2,"3":0,"4":0,"5":0,"6":0,"7":2,"8":2,"9":0,"10":0,"11":0,"12":0,"13":0,"14":0,"15":0,"16":2,"17":2,"18":0,"19":0,"20":0,"21":0,"22":0,"23":2,"24":2,"25":0,"26":0,"27":0,"28":0,"29":0,"30":2},"f":{"0":0,"1":0,"2":0,"3":0},"b":{"0":[0]}}
,"C:\\Users\\educa\\Desktop\\MY_BLAND_BACKEND\\controller\\admin_user_controller.ts": {"path":"C:\\Users\\educa\\Desktop\\MY_BLAND_BACKEND\\controller\\admin_user_controller.ts","statementMap":{"0":{"start":{"line":4,"column":0},"end":{"line":4,"column":45}},"1":{"start":{"line":6,"column":0},"end":{"line":6,"column":94}},"2":{"start":{"line":9,"column":19},"end":{"line":19,"column":1}},"3":{"start":{"line":11,"column":3},"end":{"line":18,"column":4}},"4":{"start":{"line":12,"column":20},"end":{"line":12,"column":45}},"5":{"start":{"line":13,"column":8},"end":{"line":13,"column":null}},"6":{"start":{"line":17,"column":4},"end":{"line":17,"column":null}},"7":{"start":{"line":71,"column":8},"end":{"line":71,"column":19}},"8":{"start":{"line":23,"column":23},"end":{"line":34,"column":1}},"9":{"start":{"line":25,"column":3},"end":{"line":33,"column":4}},"10":{"start":{"line":26,"column":28},"end":{"line":26,"column":38}},"11":{"start":{"line":27,"column":20},"end":{"line":27,"column":59}},"12":{"start":{"line":28,"column":8},"end":{"line":28,"column":null}},"13":{"start":{"line":32,"column":4},"end":{"line":32,"column":null}},"14":{"start":{"line":71,"column":20},"end":{"line":71,"column":35}},"15":{"start":{"line":37,"column":19},"end":{"line":54,"column":1}},"16":{"start":{"line":39,"column":3},"end":{"line":53,"column":4}},"17":{"start":{"line":40,"column":21},"end":{"line":40,"column":58}},"18":{"start":{"line":41,"column":6},"end":{"line":44,"column":7}},"19":{"start":{"line":43,"column":9},"end":{"line":43,"column":null}},"20":{"start":{"line":46,"column":27},"end":{"line":46,"column":37}},"21":{"start":{"line":47,"column":20},"end":{"line":47,"column":88}},"22":{"start":{"line":48,"column":8},"end":{"line":48,"column":null}},"23":{"start":{"line":52,"column":4},"end":{"line":52,"column":null}},"24":{"start":{"line":71,"column":37},"end":{"line":71,"column":48}},"25":{"start":{"line":58,"column":19},"end":{"line":69,"column":1}},"26":{"start":{"line":60,"column":3},"end":{"line":68,"column":4}},"27":{"start":{"line":61,"column":28},"end":{"line":61,"column":38}},"28":{"start":{"line":62,"column":20},"end":{"line":62,"column":68}},"29":{"start":{"line":63,"column":8},"end":{"line":63,"column":null}},"30":{"start":{"line":67,"column":4},"end":{"line":67,"column":null}},"31":{"start":{"line":71,"column":50},"end":{"line":71,"column":61}}},"fnMap":{"0":{"name":"(anonymous_1)","decl":{"start":{"line":9,"column":19},"end":{"line":9,"column":24}},"loc":{"start":{"line":9,"column":59},"end":{"line":19,"column":1}}},"1":{"name":"(anonymous_2)","decl":{"start":{"line":23,"column":23},"end":{"line":23,"column":28}},"loc":{"start":{"line":23,"column":63},"end":{"line":34,"column":1}}},"2":{"name":"(anonymous_3)","decl":{"start":{"line":37,"column":19},"end":{"line":37,"column":24}},"loc":{"start":{"line":37,"column":59},"end":{"line":54,"column":1}}},"3":{"name":"(anonymous_4)","decl":{"start":{"line":58,"column":19},"end":{"line":58,"column":24}},"loc":{"start":{"line":58,"column":59},"end":{"line":69,"column":1}}}},"branchMap":{"0":{"loc":{"start":{"line":41,"column":6},"end":{"line":44,"column":7}},"type":"if","locations":[{"start":{"line":41,"column":6},"end":{"line":44,"column":7}}]}},"s":{"0":2,"1":2,"2":2,"3":1,"4":1,"5":1,"6":0,"7":2,"8":2,"9":0,"10":0,"11":0,"12":0,"13":0,"14":2,"15":2,"16":0,"17":0,"18":0,"19":0,"20":0,"21":0,"22":0,"23":0,"24":2,"25":2,"26":0,"27":0,"28":0,"29":0,"30":0,"31":2},"f":{"0":1,"1":0,"2":0,"3":0},"b":{"0":[0]}}
,"C:\\Users\\educa\\Desktop\\MY_BLAND_BACKEND\\controller\\user_login_controller.ts": {"path":"C:\\Users\\educa\\Desktop\\MY_BLAND_BACKEND\\controller\\user_login_controller.ts","statementMap":{"0":{"start":{"line":5,"column":0},"end":{"line":5,"column":30}},"1":{"start":{"line":7,"column":0},"end":{"line":7,"column":44}},"2":{"start":{"line":9,"column":0},"end":{"line":9,"column":112}},"3":{"start":{"line":13,"column":17},"end":{"line":39,"column":1}},"4":{"start":{"line":15,"column":3},"end":{"line":38,"column":5}},"5":{"start":{"line":16,"column":36},"end":{"line":16,"column":44}},"6":{"start":{"line":18,"column":21},"end":{"line":18,"column":52}},"7":{"start":{"line":20,"column":8},"end":{"line":23,"column":9}},"8":{"start":{"line":22,"column":12},"end":{"line":22,"column":null}},"9":{"start":{"line":25,"column":20},"end":{"line":25,"column":84}},"10":{"start":{"line":27,"column":8},"end":{"line":30,"column":9}},"11":{"start":{"line":29,"column":12},"end":{"line":29,"column":null}},"12":{"start":{"line":32,"column":20},"end":{"line":32,"column":101}},"13":{"start":{"line":34,"column":8},"end":{"line":34,"column":null}},"14":{"start":{"line":37,"column":8},"end":{"line":37,"column":null}},"15":{"start":{"line":68,"column":8},"end":{"line":68,"column":17}},"16":{"start":{"line":43,"column":19},"end":{"line":63,"column":1}},"17":{"start":{"line":45,"column":3},"end":{"line":62,"column":4}},"18":{"start":{"line":46,"column":22},"end":{"line":46,"column":54}},"19":{"start":{"line":48,"column":8},"end":{"line":51,"column":9}},"20":{"start":{"line":50,"column":12},"end":{"line":50,"column":null}},"21":{"start":{"line":53,"column":20},"end":{"line":53,"column":53}},"22":{"start":{"line":55,"column":21},"end":{"line":55,"column":102}},"23":{"start":{"line":57,"column":8},"end":{"line":57,"column":null}},"24":{"start":{"line":61,"column":4},"end":{"line":61,"column":null}},"25":{"start":{"line":68,"column":18},"end":{"line":68,"column":29}}},"fnMap":{"0":{"name":"(anonymous_1)","decl":{"start":{"line":13,"column":17},"end":{"line":13,"column":22}},"loc":{"start":{"line":13,"column":57},"end":{"line":39,"column":1}}},"1":{"name":"(anonymous_2)","decl":{"start":{"line":43,"column":19},"end":{"line":43,"column":24}},"loc":{"start":{"line":43,"column":59},"end":{"line":63,"column":1}}}},"branchMap":{"0":{"loc":{"start":{"line":20,"column":8},"end":{"line":23,"column":9}},"type":"if","locations":[{"start":{"line":20,"column":8},"end":{"line":23,"column":9}}]},"1":{"loc":{"start":{"line":27,"column":8},"end":{"line":30,"column":9}},"type":"if","locations":[{"start":{"line":27,"column":8},"end":{"line":30,"column":9}}]},"2":{"loc":{"start":{"line":48,"column":8},"end":{"line":51,"column":9}},"type":"if","locations":[{"start":{"line":48,"column":8},"end":{"line":51,"column":9}}]}},"s":{"0":2,"1":2,"2":2,"3":2,"4":0,"5":0,"6":0,"7":0,"8":0,"9":0,"10":0,"11":0,"12":0,"13":0,"14":0,"15":2,"16":2,"17":0,"18":0,"19":0,"20":0,"21":0,"22":0,"23":0,"24":0,"25":2},"f":{"0":0,"1":0},"b":{"0":[0],"1":[0],"2":[0]}}
,"C:\\Users\\educa\\Desktop\\MY_BLAND_BACKEND\\db\\blog_db.ts": {"path":"C:\\Users\\educa\\Desktop\\MY_BLAND_BACKEND\\db\\blog_db.ts","statementMap":{"0":{"start":{"line":2,"column":0},"end":{"line":2,"column":32}},"1":{"start":{"line":6,"column":31},"end":{"line":6,"column":105}},"2":{"start":{"line":10,"column":24},"end":{"line":13,"column":1}},"3":{"start":{"line":12,"column":4},"end":{"line":12,"column":null}},"4":{"start":{"line":10,"column":13},"end":{"line":10,"column":24}}},"fnMap":{"0":{"name":"(anonymous_1)","decl":{"start":{"line":10,"column":24},"end":{"line":10,"column":29}},"loc":{"start":{"line":10,"column":29},"end":{"line":13,"column":1}}}},"branchMap":{},"s":{"0":2,"1":2,"2":2,"3":2,"4":2},"f":{"0":2},"b":{}}
,"C:\\Users\\educa\\Desktop\\MY_BLAND_BACKEND\\model\\blog_model.ts": {"path":"C:\\Users\\educa\\Desktop\\MY_BLAND_BACKEND\\model\\blog_model.ts","statementMap":{"0":{"start":{"line":1,"column":0},"end":{"line":1,"column":32}},"1":{"start":{"line":3,"column":19},"end":{"line":8,"column":2}},"2":{"start":{"line":10,"column":17},"end":{"line":10,"column":51}},"3":{"start":{"line":12,"column":0},"end":{"line":12,"column":null}}},"fnMap":{},"branchMap":{},"s":{"0":2,"1":2,"2":2,"3":2},"f":{},"b":{}}
,"C:\\Users\\educa\\Desktop\\MY_BLAND_BACKEND\\model\\contact_model.ts": {"path":"C:\\Users\\educa\\Desktop\\MY_BLAND_BACKEND\\model\\contact_model.ts","statementMap":{"0":{"start":{"line":1,"column":0},"end":{"line":1,"column":32}},"1":{"start":{"line":3,"column":21},"end":{"line":7,"column":2}},"2":{"start":{"line":9,"column":21},"end":{"line":9,"column":61}},"3":{"start":{"line":11,"column":0},"end":{"line":11,"column":null}}},"fnMap":{},"branchMap":{},"s":{"0":2,"1":2,"2":2,"3":2},"f":{},"b":{}}
,"C:\\Users\\educa\\Desktop\\MY_BLAND_BACKEND\\model\\user_model.ts": {"path":"C:\\Users\\educa\\Desktop\\MY_BLAND_BACKEND\\model\\user_model.ts","statementMap":{"0":{"start":{"line":2,"column":0},"end":{"line":2,"column":32}},"1":{"start":{"line":4,"column":19},"end":{"line":8,"column":2}},"2":{"start":{"line":10,"column":18},"end":{"line":10,"column":52}},"3":{"start":{"line":12,"column":0},"end":{"line":12,"column":null}}},"fnMap":{},"branchMap":{},"s":{"0":2,"1":2,"2":2,"3":2},"f":{},"b":{}}
,"C:\\Users\\educa\\Desktop\\MY_BLAND_BACKEND\\post_data_varidation\\admin_post_data_varidation.ts": {"path":"C:\\Users\\educa\\Desktop\\MY_BLAND_BACKEND\\post_data_varidation\\admin_post_data_varidation.ts","statementMap":{"0":{"start":{"line":2,"column":0},"end":{"line":2,"column":21}},"1":{"start":{"line":4,"column":35},"end":{"line":13,"column":1}},"2":{"start":{"line":6,"column":32},"end":{"line":10,"column":6}},"3":{"start":{"line":12,"column":4},"end":{"line":12,"column":null}},"4":{"start":{"line":50,"column":8},"end":{"line":50,"column":36}},"5":{"start":{"line":15,"column":34},"end":{"line":24,"column":1}},"6":{"start":{"line":17,"column":35},"end":{"line":21,"column":6}},"7":{"start":{"line":23,"column":4},"end":{"line":23,"column":null}},"8":{"start":{"line":50,"column":37},"end":{"line":50,"column":64}},"9":{"start":{"line":26,"column":34},"end":{"line":35,"column":1}},"10":{"start":{"line":28,"column":35},"end":{"line":32,"column":6}},"11":{"start":{"line":34,"column":4},"end":{"line":34,"column":null}},"12":{"start":{"line":50,"column":65},"end":{"line":50,"column":92}},"13":{"start":{"line":37,"column":34},"end":{"line":47,"column":1}},"14":{"start":{"line":39,"column":35},"end":{"line":44,"column":6}},"15":{"start":{"line":46,"column":4},"end":{"line":46,"column":null}},"16":{"start":{"line":50,"column":93},"end":{"line":50,"column":120}}},"fnMap":{"0":{"name":"(anonymous_1)","decl":{"start":{"line":4,"column":35},"end":{"line":4,"column":44}},"loc":{"start":{"line":4,"column":104},"end":{"line":13,"column":1}}},"1":{"name":"(anonymous_2)","decl":{"start":{"line":15,"column":34},"end":{"line":15,"column":43}},"loc":{"start":{"line":15,"column":105},"end":{"line":24,"column":1}}},"2":{"name":"(anonymous_3)","decl":{"start":{"line":26,"column":34},"end":{"line":26,"column":43}},"loc":{"start":{"line":26,"column":107},"end":{"line":35,"column":1}}},"3":{"name":"(anonymous_4)","decl":{"start":{"line":37,"column":34},"end":{"line":37,"column":43}},"loc":{"start":{"line":37,"column":121},"end":{"line":47,"column":1}}}},"branchMap":{},"s":{"0":2,"1":2,"2":0,"3":0,"4":2,"5":2,"6":0,"7":0,"8":2,"9":2,"10":0,"11":0,"12":2,"13":2,"14":0,"15":0,"16":2},"f":{"0":0,"1":0,"2":0,"3":0},"b":{}}
,"C:\\Users\\educa\\Desktop\\MY_BLAND_BACKEND\\post_data_varidation\\login_post_data_varidation.ts": {"path":"C:\\Users\\educa\\Desktop\\MY_BLAND_BACKEND\\post_data_varidation\\login_post_data_varidation.ts","statementMap":{"0":{"start":{"line":2,"column":0},"end":{"line":2,"column":21}},"1":{"start":{"line":4,"column":28},"end":{"line":12,"column":1}},"2":{"start":{"line":6,"column":29},"end":{"line":9,"column":6}},"3":{"start":{"line":11,"column":4},"end":{"line":11,"column":null}},"4":{"start":{"line":25,"column":8},"end":{"line":25,"column":29}},"5":{"start":{"line":14,"column":29},"end":{"line":23,"column":1}},"6":{"start":{"line":16,"column":30},"end":{"line":20,"column":6}},"7":{"start":{"line":22,"column":4},"end":{"line":22,"column":null}},"8":{"start":{"line":25,"column":31},"end":{"line":25,"column":53}}},"fnMap":{"0":{"name":"(anonymous_1)","decl":{"start":{"line":4,"column":28},"end":{"line":4,"column":37}},"loc":{"start":{"line":4,"column":82},"end":{"line":12,"column":1}}},"1":{"name":"(anonymous_2)","decl":{"start":{"line":14,"column":29},"end":{"line":14,"column":38}},"loc":{"start":{"line":14,"column":97},"end":{"line":23,"column":1}}}},"branchMap":{},"s":{"0":2,"1":2,"2":0,"3":0,"4":2,"5":2,"6":0,"7":0,"8":2},"f":{"0":0,"1":0},"b":{}}
,"C:\\Users\\educa\\Desktop\\MY_BLAND_BACKEND\\routes\\admin_routes.ts": {"path":"C:\\Users\\educa\\Desktop\\MY_BLAND_BACKEND\\routes\\admin_routes.ts","statementMap":{"0":{"start":{"line":4,"column":0},"end":{"line":4,"column":38}},"1":{"start":{"line":6,"column":21},"end":{"line":6,"column":37}},"2":{"start":{"line":9,"column":0},"end":{"line":9,"column":115}},"3":{"start":{"line":11,"column":0},"end":{"line":11,"column":120}},"4":{"start":{"line":13,"column":0},"end":{"line":13,"column":106}},"5":{"start":{"line":19,"column":0},"end":{"line":19,"column":null}},"6":{"start":{"line":60,"column":0},"end":{"line":60,"column":57}},"7":{"start":{"line":128,"column":0},"end":{"line":128,"column":null}},"8":{"start":{"line":169,"column":0},"end":{"line":169,"column":null}},"9":{"start":{"line":208,"column":0},"end":{"line":208,"column":null}},"10":{"start":{"line":225,"column":0},"end":{"line":225,"column":null}},"11":{"start":{"line":294,"column":0},"end":{"line":294,"column":null}},"12":{"start":{"line":297,"column":0},"end":{"line":297,"column":null}}},"fnMap":{},"branchMap":{},"s":{"0":2,"1":2,"2":2,"3":2,"4":2,"5":2,"6":2,"7":2,"8":2,"9":2,"10":2,"11":2,"12":2},"f":{},"b":{}}
,"C:\\Users\\educa\\Desktop\\MY_BLAND_BACKEND\\routes\\user_routes.ts": {"path":"C:\\Users\\educa\\Desktop\\MY_BLAND_BACKEND\\routes\\user_routes.ts","statementMap":{"0":{"start":{"line":3,"column":0},"end":{"line":3,"column":59}},"1":{"start":{"line":5,"column":20},"end":{"line":5,"column":36}},"2":{"start":{"line":8,"column":0},"end":{"line":8,"column":73}},"3":{"start":{"line":13,"column":0},"end":{"line":13,"column":null}},"4":{"start":{"line":17,"column":0},"end":{"line":17,"column":null}},"5":{"start":{"line":19,"column":0},"end":{"line":19,"column":null}},"6":{"start":{"line":24,"column":0},"end":{"line":24,"column":null}}},"fnMap":{},"branchMap":{},"s":{"0":2,"1":2,"2":2,"3":2,"4":2,"5":2,"6":2},"f":{},"b":{}}
,"C:\\Users\\educa\\Desktop\\MY_BLAND_BACKEND\\src\\app.ts": {"path":"C:\\Users\\educa\\Desktop\\MY_BLAND_BACKEND\\src\\app.ts","statementMap":{"0":{"start":{"line":3,"column":0},"end":{"line":3,"column":63}},"1":{"start":{"line":5,"column":0},"end":{"line":5,"column":23}},"2":{"start":{"line":9,"column":0},"end":{"line":9,"column":50}},"3":{"start":{"line":11,"column":0},"end":{"line":11,"column":47}},"4":{"start":{"line":13,"column":0},"end":{"line":13,"column":39}},"5":{"start":{"line":16,"column":13},"end":{"line":16,"column":null}},"6":{"start":{"line":20,"column":0},"end":{"line":20,"column":42}},"7":{"start":{"line":22,"column":0},"end":{"line":22,"column":35}},"8":{"start":{"line":28,"column":0},"end":{"line":28,"column":null}},"9":{"start":{"line":30,"column":0},"end":{"line":30,"column":null}},"10":{"start":{"line":32,"column":0},"end":{"line":32,"column":null}},"11":{"start":{"line":34,"column":0},"end":{"line":34,"column":null}},"12":{"start":{"line":35,"column":0},"end":{"line":35,"column":69}},"13":{"start":{"line":51,"column":18},"end":{"line":51,"column":22}},"14":{"start":{"line":52,"column":14},"end":{"line":63,"column":1}},"15":{"start":{"line":54,"column":4},"end":{"line":62,"column":5}},"16":{"start":{"line":55,"column":8},"end":{"line":55,"column":null}},"17":{"start":{"line":56,"column":8},"end":{"line":56,"column":null}},"18":{"start":{"line":56,"column":35},"end":{"line":56,"column":76}},"19":{"start":{"line":61,"column":7},"end":{"line":61,"column":null}},"20":{"start":{"line":65,"column":0},"end":{"line":65,"column":null}}},"fnMap":{"0":{"name":"(anonymous_1)","decl":{"start":{"line":52,"column":14},"end":{"line":52,"column":19}},"loc":{"start":{"line":52,"column":19},"end":{"line":63,"column":1}}},"1":{"name":"(anonymous_2)","decl":{"start":{"line":56,"column":25},"end":{"line":56,"column":32}},"loc":{"start":{"line":56,"column":34},"end":{"line":56,"column":76}}}},"branchMap":{},"s":{"0":2,"1":2,"2":2,"3":2,"4":2,"5":2,"6":2,"7":2,"8":2,"9":2,"10":2,"11":2,"12":2,"13":2,"14":2,"15":2,"16":2,"17":1,"18":0,"19":0,"20":2},"f":{"0":2,"1":0},"b":{}}
,"C:\\Users\\educa\\Desktop\\MY_BLAND_BACKEND\\src\\swagger.ts": {"path":"C:\\Users\\educa\\Desktop\\MY_BLAND_BACKEND\\src\\swagger.ts","statementMap":{"0":{"start":{"line":1,"column":0},"end":{"line":1,"column":41}},"1":{"start":{"line":3,"column":16},"end":{"line":18,"column":2}},"2":{"start":{"line":20,"column":20},"end":{"line":20,"column":41}},"3":{"start":{"line":22,"column":0},"end":{"line":22,"column":27}}},"fnMap":{},"branchMap":{},"s":{"0":2,"1":2,"2":2,"3":2},"f":{},"b":{}}
}
