TN:
SF:controller\admin_blog_controller.ts
FN:9,(anonymous_1)
FN:23,(anonymous_2)
FN:44,(anonymous_3)
FN:59,(anonymous_4)
FN:80,(anonymous_5)
FNF:5
FNH:0
FNDA:0,(anonymous_1)
FNDA:0,(anonymous_2)
FNDA:0,(anonymous_3)
FNDA:0,(anonymous_4)
FNDA:0,(anonymous_5)
DA:3,2
DA:5,2
DA:9,2
DA:11,0
DA:13,0
DA:14,0
DA:17,0
DA:23,2
DA:25,0
DA:27,0
DA:28,0
DA:30,0
DA:33,0
DA:34,0
DA:35,0
DA:38,0
DA:44,2
DA:46,0
DA:48,0
DA:49,0
DA:50,0
DA:53,0
DA:59,2
DA:61,0
DA:63,0
DA:64,0
DA:66,0
DA:69,0
DA:70,0
DA:71,0
DA:74,0
DA:80,2
DA:82,0
DA:84,0
DA:85,0
DA:86,0
DA:89,0
DA:93,2
LF:38
LH:8
BRDA:28,0,0,0
BRDA:64,1,0,0
BRF:2
BRH:0
end_of_record
TN:
SF:controller\admin_contact_controller.ts
FN:9,(anonymous_1)
FN:23,(anonymous_2)
FN:43,(anonymous_3)
FN:58,(anonymous_4)
FNF:4
FNH:1
FNDA:1,(anonymous_1)
FNDA:0,(anonymous_2)
FNDA:0,(anonymous_3)
FNDA:0,(anonymous_4)
DA:3,2
DA:5,2
DA:9,2
DA:11,1
DA:12,1
DA:13,1
DA:17,0
DA:23,2
DA:25,0
DA:26,0
DA:27,0
DA:29,0
DA:32,0
DA:33,0
DA:37,0
DA:43,2
DA:45,0
DA:46,0
DA:47,0
DA:48,0
DA:52,0
DA:58,2
DA:60,0
DA:61,0
DA:62,0
DA:63,0
DA:67,0
DA:71,2
LF:28
LH:10
BRDA:27,0,0,0
BRF:1
BRH:0
end_of_record
TN:
SF:controller\admin_user_controller.ts
FN:9,(anonymous_1)
FN:23,(anonymous_2)
FN:37,(anonymous_3)
FN:58,(anonymous_4)
FNF:4
FNH:1
FNDA:1,(anonymous_1)
FNDA:0,(anonymous_2)
FNDA:0,(anonymous_3)
FNDA:0,(anonymous_4)
DA:4,2
DA:6,2
DA:9,2
DA:11,1
DA:12,1
DA:13,1
DA:17,0
DA:23,2
DA:25,0
DA:26,0
DA:27,0
DA:28,0
DA:32,0
DA:37,2
DA:39,0
DA:40,0
DA:41,0
DA:43,0
DA:46,0
DA:47,0
DA:48,0
DA:52,0
DA:58,2
DA:60,0
DA:61,0
DA:62,0
DA:63,0
DA:67,0
DA:71,2
LF:29
LH:10
BRDA:41,0,0,0
BRF:1
BRH:0
end_of_record
TN:
SF:controller\user_login_controller.ts
FN:13,(anonymous_1)
FN:43,(anonymous_2)
FNF:2
FNH:0
FNDA:0,(anonymous_1)
FNDA:0,(anonymous_2)
DA:5,2
DA:7,2
DA:9,2
DA:13,2
DA:15,0
DA:16,0
DA:18,0
DA:20,0
DA:22,0
DA:25,0
DA:27,0
DA:29,0
DA:32,0
DA:34,0
DA:37,0
DA:43,2
DA:45,0
DA:46,0
DA:48,0
DA:50,0
DA:53,0
DA:55,0
DA:57,0
DA:61,0
DA:68,2
LF:25
LH:6
BRDA:20,0,0,0
BRDA:27,1,0,0
BRDA:48,2,0,0
BRF:3
BRH:0
end_of_record
TN:
SF:db\blog_db.ts
FN:10,(anonymous_1)
FNF:1
FNH:1
FNDA:2,(anonymous_1)
DA:2,2
DA:6,2
DA:10,2
DA:12,2
LF:4
LH:4
BRF:0
BRH:0
end_of_record
TN:
SF:model\blog_model.ts
FNF:0
FNH:0
DA:1,2
DA:3,2
DA:10,2
DA:12,2
LF:4
LH:4
BRF:0
BRH:0
end_of_record
TN:
SF:model\contact_model.ts
FNF:0
FNH:0
DA:1,2
DA:3,2
DA:9,2
DA:11,2
LF:4
LH:4
BRF:0
BRH:0
end_of_record
TN:
SF:model\user_model.ts
FNF:0
FNH:0
DA:2,2
DA:4,2
DA:10,2
DA:12,2
LF:4
LH:4
BRF:0
BRH:0
end_of_record
TN:
SF:post_data_varidation\admin_post_data_varidation.ts
FN:4,(anonymous_1)
FN:15,(anonymous_2)
FN:26,(anonymous_3)
FN:37,(anonymous_4)
FNF:4
FNH:0
FNDA:0,(anonymous_1)
FNDA:0,(anonymous_2)
FNDA:0,(anonymous_3)
FNDA:0,(anonymous_4)
DA:2,2
DA:4,2
DA:6,0
DA:12,0
DA:15,2
DA:17,0
DA:23,0
DA:26,2
DA:28,0
DA:34,0
DA:37,2
DA:39,0
DA:46,0
DA:50,2
LF:14
LH:6
BRF:0
BRH:0
end_of_record
TN:
SF:post_data_varidation\login_post_data_varidation.ts
FN:4,(anonymous_1)
FN:14,(anonymous_2)
FNF:2
FNH:0
FNDA:0,(anonymous_1)
FNDA:0,(anonymous_2)
DA:2,2
DA:4,2
DA:6,0
DA:11,0
DA:14,2
DA:16,0
DA:22,0
DA:25,2
LF:8
LH:4
BRF:0
BRH:0
end_of_record
TN:
SF:routes\admin_routes.ts
FNF:0
FNH:0
DA:4,2
DA:6,2
DA:9,2
DA:11,2
DA:13,2
DA:19,2
DA:60,2
DA:128,2
DA:169,2
DA:208,2
DA:225,2
DA:294,2
DA:297,2
LF:13
LH:13
BRF:0
BRH:0
end_of_record
TN:
SF:routes\user_routes.ts
FNF:0
FNH:0
DA:3,2
DA:5,2
DA:8,2
DA:13,2
DA:17,2
DA:19,2
DA:24,2
LF:7
LH:7
BRF:0
BRH:0
end_of_record
TN:
SF:src\app.ts
FN:52,(anonymous_1)
FN:56,(anonymous_2)
FNF:2
FNH:1
FNDA:2,(anonymous_1)
FNDA:0,(anonymous_2)
DA:3,2
DA:5,2
DA:9,2
DA:11,2
DA:13,2
DA:16,2
DA:20,2
DA:22,2
DA:28,2
DA:30,2
DA:32,2
DA:34,2
DA:35,2
DA:51,2
DA:52,2
DA:54,2
DA:55,2
DA:56,1
DA:61,0
DA:65,2
LF:20
LH:19
BRF:0
BRH:0
end_of_record
TN:
SF:src\swagger.ts
FNF:0
FNH:0
DA:1,2
DA:3,2
DA:20,2
DA:22,2
LF:4
LH:4
BRF:0
BRH:0
end_of_record
